Wed Mar 26 04:40:02 PM EDT 2025: Starting email_consumer.php
[DEBUG] Connecting to RabbitMQ at 127.0.0.1...
[DEBUG] Connected to RabbitMQ successfully!
[EMAILðŸ“§] Waiting for email messages...
[DEBUG] Checking for messages...
[EMAILðŸ“©] Received email request: {"type":"send_email","to":"test@example.com","subject":"Test Email","message":"This is a test email from PHPMailer via RabbitMQ!"}
[DEBUG] Configuring PHPMailer...
[DEBUG] Attempting to send email...
[EMAILâœ…] Email successfully sent to: test@example.com
[DEBUG] Checking for messages...
PHP Fatal error:  Uncaught PhpAmqpLib\Exception\AMQPRuntimeException: Framing error, unexpected byte: 41 in /home/paa39/git/IT490-Project/email-tests/vendor/videlalvaro/php-amqplib/PhpAmqpLib/Connection/AbstractConnection.php:549
Stack trace:
#0 /home/paa39/git/IT490-Project/email-tests/vendor/videlalvaro/php-amqplib/PhpAmqpLib/Connection/AbstractConnection.php(568): PhpAmqpLib\Connection\AbstractConnection->wait_frame()
#1 /home/paa39/git/IT490-Project/email-tests/vendor/videlalvaro/php-amqplib/PhpAmqpLib/Channel/AbstractChannel.php(214): PhpAmqpLib\Connection\AbstractConnection->wait_channel()
#2 /home/paa39/git/IT490-Project/email-tests/vendor/videlalvaro/php-amqplib/PhpAmqpLib/Channel/AbstractChannel.php(355): PhpAmqpLib\Channel\AbstractChannel->next_frame()
#3 /home/paa39/git/IT490-Project/email-tests/email_consumer.php(84): PhpAmqpLib\Channel\AbstractChannel->wait()
#4 {main}
  thrown in /home/paa39/git/IT490-Project/email-tests/vendor/videlalvaro/php-amqplib/PhpAmqpLib/Connection/AbstractConnection.php on line 549
Wed Mar 26 05:10:01 PM EDT 2025: Starting email_consumer.php
[DEBUG] Connecting to RabbitMQ at 127.0.0.1...
[DEBUG] Connected to RabbitMQ successfully!
[EMAILðŸ“§] Waiting for email messages...
[DEBUG] Checking for messages...
PHP Fatal error:  Uncaught PhpAmqpLib\Exception\AMQPRuntimeException: Framing error, unexpected byte: 41 in /home/paa39/git/IT490-Project/email-tests/vendor/videlalvaro/php-amqplib/PhpAmqpLib/Connection/AbstractConnection.php:549
Stack trace:
#0 /home/paa39/git/IT490-Project/email-tests/vendor/videlalvaro/php-amqplib/PhpAmqpLib/Connection/AbstractConnection.php(568): PhpAmqpLib\Connection\AbstractConnection->wait_frame()
#1 /home/paa39/git/IT490-Project/email-tests/vendor/videlalvaro/php-amqplib/PhpAmqpLib/Channel/AbstractChannel.php(214): PhpAmqpLib\Connection\AbstractConnection->wait_channel()
#2 /home/paa39/git/IT490-Project/email-tests/vendor/videlalvaro/php-amqplib/PhpAmqpLib/Channel/AbstractChannel.php(355): PhpAmqpLib\Channel\AbstractChannel->next_frame()
#3 /home/paa39/git/IT490-Project/email-tests/email_consumer.php(84): PhpAmqpLib\Channel\AbstractChannel->wait()
#4 {main}
  thrown in /home/paa39/git/IT490-Project/email-tests/vendor/videlalvaro/php-amqplib/PhpAmqpLib/Connection/AbstractConnection.php on line 549
Wed Mar 26 05:30:02 PM EDT 2025: Starting email_consumer.php
[DEBUG] Connecting to RabbitMQ at 127.0.0.1...
[DEBUG] Connected to RabbitMQ successfully!
[EMAILðŸ“§] Waiting for email messages...
[DEBUG] Checking for messages...
PHP Fatal error:  Uncaught PhpAmqpLib\Exception\AMQPRuntimeException: Framing error, unexpected byte: 41 in /home/paa39/git/IT490-Project/email-tests/vendor/videlalvaro/php-amqplib/PhpAmqpLib/Connection/AbstractConnection.php:549
Stack trace:
#0 /home/paa39/git/IT490-Project/email-tests/vendor/videlalvaro/php-amqplib/PhpAmqpLib/Connection/AbstractConnection.php(568): PhpAmqpLib\Connection\AbstractConnection->wait_frame()
#1 /home/paa39/git/IT490-Project/email-tests/vendor/videlalvaro/php-amqplib/PhpAmqpLib/Channel/AbstractChannel.php(214): PhpAmqpLib\Connection\AbstractConnection->wait_channel()
#2 /home/paa39/git/IT490-Project/email-tests/vendor/videlalvaro/php-amqplib/PhpAmqpLib/Channel/AbstractChannel.php(355): PhpAmqpLib\Channel\AbstractChannel->next_frame()
#3 /home/paa39/git/IT490-Project/email-tests/email_consumer.php(84): PhpAmqpLib\Channel\AbstractChannel->wait()
#4 {main}
  thrown in /home/paa39/git/IT490-Project/email-tests/vendor/videlalvaro/php-amqplib/PhpAmqpLib/Connection/AbstractConnection.php on line 549
Wed Mar 26 06:50:01 PM EDT 2025: Starting email_consumer.php
[DEBUG] Connecting to RabbitMQ at 127.0.0.1...
[DEBUG] Connected to RabbitMQ successfully!
[EMAILðŸ“§] Waiting for email messages...
[DEBUG] Checking for messages...
PHP Fatal error:  Uncaught PhpAmqpLib\Exception\AMQPRuntimeException: Framing error, unexpected byte: 41 in /home/paa39/git/IT490-Project/email-tests/vendor/videlalvaro/php-amqplib/PhpAmqpLib/Connection/AbstractConnection.php:549
Stack trace:
#0 /home/paa39/git/IT490-Project/email-tests/vendor/videlalvaro/php-amqplib/PhpAmqpLib/Connection/AbstractConnection.php(568): PhpAmqpLib\Connection\AbstractConnection->wait_frame()
#1 /home/paa39/git/IT490-Project/email-tests/vendor/videlalvaro/php-amqplib/PhpAmqpLib/Channel/AbstractChannel.php(214): PhpAmqpLib\Connection\AbstractConnection->wait_channel()
#2 /home/paa39/git/IT490-Project/email-tests/vendor/videlalvaro/php-amqplib/PhpAmqpLib/Channel/AbstractChannel.php(355): PhpAmqpLib\Channel\AbstractChannel->next_frame()
#3 /home/paa39/git/IT490-Project/email-tests/email_consumer.php(84): PhpAmqpLib\Channel\AbstractChannel->wait()
#4 {main}
  thrown in /home/paa39/git/IT490-Project/email-tests/vendor/videlalvaro/php-amqplib/PhpAmqpLib/Connection/AbstractConnection.php on line 549
Wed Mar 26 07:30:01 PM EDT 2025: Starting email_consumer.php
[DEBUG] Connecting to RabbitMQ at 127.0.0.1...
[DEBUG] Connected to RabbitMQ successfully!
[EMAILðŸ“§] Waiting for email messages...
[DEBUG] Checking for messages...
Thu Mar 27 11:45:01 AM EDT 2025: Starting email_consumer.php
[DEBUG] Connecting to RabbitMQ at 127.0.0.1...
[DEBUG] Connected to RabbitMQ successfully!
[EMAILðŸ“§] Waiting for email messages...
[DEBUG] Checking for messages...
PHP Fatal error:  Uncaught PhpAmqpLib\Exception\AMQPRuntimeException: Framing error, unexpected byte: 41 in /home/paa39/git/IT490-Project/email-tests/vendor/videlalvaro/php-amqplib/PhpAmqpLib/Connection/AbstractConnection.php:549
Stack trace:
#0 /home/paa39/git/IT490-Project/email-tests/vendor/videlalvaro/php-amqplib/PhpAmqpLib/Connection/AbstractConnection.php(568): PhpAmqpLib\Connection\AbstractConnection->wait_frame()
#1 /home/paa39/git/IT490-Project/email-tests/vendor/videlalvaro/php-amqplib/PhpAmqpLib/Channel/AbstractChannel.php(214): PhpAmqpLib\Connection\AbstractConnection->wait_channel()
#2 /home/paa39/git/IT490-Project/email-tests/vendor/videlalvaro/php-amqplib/PhpAmqpLib/Channel/AbstractChannel.php(355): PhpAmqpLib\Channel\AbstractChannel->next_frame()
#3 /home/paa39/git/IT490-Project/email-tests/email_consumer.php(84): PhpAmqpLib\Channel\AbstractChannel->wait()
#4 {main}
  thrown in /home/paa39/git/IT490-Project/email-tests/vendor/videlalvaro/php-amqplib/PhpAmqpLib/Connection/AbstractConnection.php on line 549
Thu Mar 27 12:00:02 PM EDT 2025: Starting email_consumer.php
[DEBUG] Connecting to RabbitMQ at 127.0.0.1...
[DEBUG] Connected to RabbitMQ successfully!
[EMAILðŸ“§] Waiting for email messages...
[DEBUG] Checking for messages...
PHP Fatal error:  Uncaught PhpAmqpLib\Exception\AMQPRuntimeException: Framing error, unexpected byte: 41 in /home/paa39/git/IT490-Project/email-tests/vendor/videlalvaro/php-amqplib/PhpAmqpLib/Connection/AbstractConnection.php:549
Stack trace:
#0 /home/paa39/git/IT490-Project/email-tests/vendor/videlalvaro/php-amqplib/PhpAmqpLib/Connection/AbstractConnection.php(568): PhpAmqpLib\Connection\AbstractConnection->wait_frame()
#1 /home/paa39/git/IT490-Project/email-tests/vendor/videlalvaro/php-amqplib/PhpAmqpLib/Channel/AbstractChannel.php(214): PhpAmqpLib\Connection\AbstractConnection->wait_channel()
#2 /home/paa39/git/IT490-Project/email-tests/vendor/videlalvaro/php-amqplib/PhpAmqpLib/Channel/AbstractChannel.php(355): PhpAmqpLib\Channel\AbstractChannel->next_frame()
#3 /home/paa39/git/IT490-Project/email-tests/email_consumer.php(84): PhpAmqpLib\Channel\AbstractChannel->wait()
#4 {main}
  thrown in /home/paa39/git/IT490-Project/email-tests/vendor/videlalvaro/php-amqplib/PhpAmqpLib/Connection/AbstractConnection.php on line 549
Thu Mar 27 12:25:01 PM EDT 2025: Starting email_consumer.php
[DEBUG] Connecting to RabbitMQ at 127.0.0.1...
[DEBUG] Connected to RabbitMQ successfully!
[EMAILðŸ“§] Waiting for email messages...
[DEBUG] Checking for messages...
PHP Fatal error:  Uncaught PhpAmqpLib\Exception\AMQPRuntimeException: Framing error, unexpected byte: 41 in /home/paa39/git/IT490-Project/email-tests/vendor/videlalvaro/php-amqplib/PhpAmqpLib/Connection/AbstractConnection.php:549
Stack trace:
#0 /home/paa39/git/IT490-Project/email-tests/vendor/videlalvaro/php-amqplib/PhpAmqpLib/Connection/AbstractConnection.php(568): PhpAmqpLib\Connection\AbstractConnection->wait_frame()
#1 /home/paa39/git/IT490-Project/email-tests/vendor/videlalvaro/php-amqplib/PhpAmqpLib/Channel/AbstractChannel.php(214): PhpAmqpLib\Connection\AbstractConnection->wait_channel()
#2 /home/paa39/git/IT490-Project/email-tests/vendor/videlalvaro/php-amqplib/PhpAmqpLib/Channel/AbstractChannel.php(355): PhpAmqpLib\Channel\AbstractChannel->next_frame()
#3 /home/paa39/git/IT490-Project/email-tests/email_consumer.php(84): PhpAmqpLib\Channel\AbstractChannel->wait()
#4 {main}
  thrown in /home/paa39/git/IT490-Project/email-tests/vendor/videlalvaro/php-amqplib/PhpAmqpLib/Connection/AbstractConnection.php on line 549
Thu Mar 27 04:25:02 PM EDT 2025: Starting email_consumer.php
[DEBUG] Connecting to RabbitMQ at 127.0.0.1...
[DEBUG] Connected to RabbitMQ successfully!
[EMAILðŸ“§] Waiting for email messages...
[DEBUG] Checking for messages...
Thu Mar 27 04:55:02 PM EDT 2025: Starting email_consumer.php
[DEBUG] Connecting to RabbitMQ at 127.0.0.1...
[DEBUG] Connected to RabbitMQ successfully!
[EMAILðŸ“§] Waiting for email messages...
[DEBUG] Checking for messages...
PHP Fatal error:  Uncaught PhpAmqpLib\Exception\AMQPRuntimeException: Framing error, unexpected byte: 41 in /home/paa39/git/IT490-Project/email-tests/vendor/videlalvaro/php-amqplib/PhpAmqpLib/Connection/AbstractConnection.php:549
Stack trace:
#0 /home/paa39/git/IT490-Project/email-tests/vendor/videlalvaro/php-amqplib/PhpAmqpLib/Connection/AbstractConnection.php(568): PhpAmqpLib\Connection\AbstractConnection->wait_frame()
#1 /home/paa39/git/IT490-Project/email-tests/vendor/videlalvaro/php-amqplib/PhpAmqpLib/Channel/AbstractChannel.php(214): PhpAmqpLib\Connection\AbstractConnection->wait_channel()
#2 /home/paa39/git/IT490-Project/email-tests/vendor/videlalvaro/php-amqplib/PhpAmqpLib/Channel/AbstractChannel.php(355): PhpAmqpLib\Channel\AbstractChannel->next_frame()
#3 /home/paa39/git/IT490-Project/email-tests/email_consumer.php(84): PhpAmqpLib\Channel\AbstractChannel->wait()
#4 {main}
  thrown in /home/paa39/git/IT490-Project/email-tests/vendor/videlalvaro/php-amqplib/PhpAmqpLib/Connection/AbstractConnection.php on line 549
Thu Mar 27 05:30:01 PM EDT 2025: Starting email_consumer.php
[DEBUG] Connecting to RabbitMQ at 127.0.0.1...
[DEBUG] Connected to RabbitMQ successfully!
[EMAILðŸ“§] Waiting for email messages...
[DEBUG] Checking for messages...
Fri Mar 28 03:20:01 PM EDT 2025: Starting email_consumer.php
[DEBUG] Connecting to RabbitMQ at 127.0.0.1...
[DEBUG] Connected to RabbitMQ successfully!
[EMAILðŸ“§] Waiting for email messages...
[DEBUG] Checking for messages...
Sat Mar 29 01:15:03 AM EDT 2025: Starting email_consumer.php
[DEBUG] Connecting to RabbitMQ at 127.0.0.1...
PHP Fatal error:  Uncaught PhpAmqpLib\Exception\AMQPRuntimeException: Error Connecting to server (111): Connection refused in /home/paa39/git/IT490-Project/email-tests/vendor/videlalvaro/php-amqplib/PhpAmqpLib/Wire/IO/StreamIO.php:106
Stack trace:
#0 /home/paa39/git/IT490-Project/email-tests/vendor/videlalvaro/php-amqplib/PhpAmqpLib/Connection/AbstractConnection.php(195): PhpAmqpLib\Wire\IO\StreamIO->connect()
#1 /home/paa39/git/IT490-Project/email-tests/vendor/videlalvaro/php-amqplib/PhpAmqpLib/Connection/AbstractConnection.php(179): PhpAmqpLib\Connection\AbstractConnection->connect()
#2 /home/paa39/git/IT490-Project/email-tests/vendor/videlalvaro/php-amqplib/PhpAmqpLib/Connection/AMQPStreamConnection.php(41): PhpAmqpLib\Connection\AbstractConnection->__construct()
#3 /home/paa39/git/IT490-Project/email-tests/email_consumer.php(27): PhpAmqpLib\Connection\AMQPStreamConnection->__construct()
#4 {main}
  thrown in /home/paa39/git/IT490-Project/email-tests/vendor/videlalvaro/php-amqplib/PhpAmqpLib/Wire/IO/StreamIO.php on line 106
Sat Mar 29 01:20:01 AM EDT 2025: Starting email_consumer.php
[DEBUG] Connecting to RabbitMQ at 127.0.0.1...
[DEBUG] Connected to RabbitMQ successfully!
[EMAILðŸ“§] Waiting for email messages...
[DEBUG] Checking for messages...
Sat Mar 29 01:30:01 AM EDT 2025: Starting email_consumer.php
[DEBUG] Connecting to RabbitMQ at 127.0.0.1...
[DEBUG] Connected to RabbitMQ successfully!
[EMAILðŸ“§] Waiting for email messages...
[DEBUG] Checking for messages...
Sat Mar 29 02:00:04 AM EDT 2025: Starting email_consumer.php
[DEBUG] Connecting to RabbitMQ at 127.0.0.1...
PHP Fatal error:  Uncaught PhpAmqpLib\Exception\AMQPRuntimeException: Error Connecting to server (111): Connection refused in /home/paa39/git/IT490-Project/email-tests/vendor/videlalvaro/php-amqplib/PhpAmqpLib/Wire/IO/StreamIO.php:106
Stack trace:
#0 /home/paa39/git/IT490-Project/email-tests/vendor/videlalvaro/php-amqplib/PhpAmqpLib/Connection/AbstractConnection.php(195): PhpAmqpLib\Wire\IO\StreamIO->connect()
#1 /home/paa39/git/IT490-Project/email-tests/vendor/videlalvaro/php-amqplib/PhpAmqpLib/Connection/AbstractConnection.php(179): PhpAmqpLib\Connection\AbstractConnection->connect()
#2 /home/paa39/git/IT490-Project/email-tests/vendor/videlalvaro/php-amqplib/PhpAmqpLib/Connection/AMQPStreamConnection.php(41): PhpAmqpLib\Connection\AbstractConnection->__construct()
#3 /home/paa39/git/IT490-Project/email-tests/email_consumer.php(27): PhpAmqpLib\Connection\AMQPStreamConnection->__construct()
#4 {main}
  thrown in /home/paa39/git/IT490-Project/email-tests/vendor/videlalvaro/php-amqplib/PhpAmqpLib/Wire/IO/StreamIO.php on line 106
Sun Mar 30 02:45:01 AM EDT 2025: Starting email_consumer.php
[DEBUG] Connecting to RabbitMQ at 127.0.0.1...
[DEBUG] Connected to RabbitMQ successfully!
[EMAILðŸ“§] Waiting for email messages...
[DEBUG] Checking for messages...
Sun Mar 30 11:00:01 PM EDT 2025: Starting email_consumer.php
[DEBUG] Connecting to RabbitMQ at 127.0.0.1...
[DEBUG] Connected to RabbitMQ successfully!
[EMAILðŸ“§] Waiting for email messages...
[DEBUG] Checking for messages...
Mon Mar 31 09:00:01 PM EDT 2025: Starting email_consumer.php
[DEBUG] Connecting to RabbitMQ at 127.0.0.1...
[DEBUG] Connected to RabbitMQ successfully!
[EMAILðŸ“§] Waiting for email messages...
[DEBUG] Checking for messages...
[EMAILðŸ“©] Received email request: {"type":"send_email","to":"test@example.com","subject":"Test Email","message":"This is a test email from PHPMailer via RabbitMQ!"}
[DEBUG] Configuring PHPMailer...
[DEBUG] Attempting to send email...
[EMAILâœ…] Email successfully sent to: test@example.com
[DEBUG] Checking for messages...
Tue Apr  1 12:50:01 PM EDT 2025: Starting email_consumer.php
[DEBUG] Connecting to RabbitMQ at 127.0.0.1...
[DEBUG] Connected to RabbitMQ successfully!
[EMAILðŸ“§] Waiting for email messages...
[DEBUG] Checking for messages...
Tue Apr  1 02:45:01 PM EDT 2025: Starting email_consumer.php
[DEBUG] Connecting to RabbitMQ at 127.0.0.1...
[DEBUG] Connected to RabbitMQ successfully!
[EMAILðŸ“§] Waiting for email messages...
[DEBUG] Checking for messages...
PHP Fatal error:  Uncaught PhpAmqpLib\Exception\AMQPRuntimeException: Framing error, unexpected byte: 41 in /home/paa39/git/IT490-Project/email-tests/vendor/videlalvaro/php-amqplib/PhpAmqpLib/Connection/AbstractConnection.php:549
Stack trace:
#0 /home/paa39/git/IT490-Project/email-tests/vendor/videlalvaro/php-amqplib/PhpAmqpLib/Connection/AbstractConnection.php(568): PhpAmqpLib\Connection\AbstractConnection->wait_frame()
#1 /home/paa39/git/IT490-Project/email-tests/vendor/videlalvaro/php-amqplib/PhpAmqpLib/Channel/AbstractChannel.php(214): PhpAmqpLib\Connection\AbstractConnection->wait_channel()
#2 /home/paa39/git/IT490-Project/email-tests/vendor/videlalvaro/php-amqplib/PhpAmqpLib/Channel/AbstractChannel.php(355): PhpAmqpLib\Channel\AbstractChannel->next_frame()
#3 /home/paa39/git/IT490-Project/email-tests/email_consumer.php(84): PhpAmqpLib\Channel\AbstractChannel->wait()
#4 {main}
  thrown in /home/paa39/git/IT490-Project/email-tests/vendor/videlalvaro/php-amqplib/PhpAmqpLib/Connection/AbstractConnection.php on line 549
Tue Apr  1 03:15:01 PM EDT 2025: Starting email_consumer.php
[DEBUG] Connecting to RabbitMQ at 127.0.0.1...
[DEBUG] Connected to RabbitMQ successfully!
[EMAILðŸ“§] Waiting for email messages...
[DEBUG] Checking for messages...
PHP Fatal error:  Uncaught PhpAmqpLib\Exception\AMQPRuntimeException: Framing error, unexpected byte: 41 in /home/paa39/git/IT490-Project/email-tests/vendor/videlalvaro/php-amqplib/PhpAmqpLib/Connection/AbstractConnection.php:549
Stack trace:
#0 /home/paa39/git/IT490-Project/email-tests/vendor/videlalvaro/php-amqplib/PhpAmqpLib/Connection/AbstractConnection.php(568): PhpAmqpLib\Connection\AbstractConnection->wait_frame()
#1 /home/paa39/git/IT490-Project/email-tests/vendor/videlalvaro/php-amqplib/PhpAmqpLib/Channel/AbstractChannel.php(214): PhpAmqpLib\Connection\AbstractConnection->wait_channel()
#2 /home/paa39/git/IT490-Project/email-tests/vendor/videlalvaro/php-amqplib/PhpAmqpLib/Channel/AbstractChannel.php(355): PhpAmqpLib\Channel\AbstractChannel->next_frame()
#3 /home/paa39/git/IT490-Project/email-tests/email_consumer.php(84): PhpAmqpLib\Channel\AbstractChannel->wait()
#4 {main}
  thrown in /home/paa39/git/IT490-Project/email-tests/vendor/videlalvaro/php-amqplib/PhpAmqpLib/Connection/AbstractConnection.php on line 549
